Log file open, 01/04/25 17:10:00
LogWindows: Enabling Tpause support
LogTrace: Initializing trace...
LogTrace: Finished trace initialization.
LogInit: Session CrashGUID >====================================================
         Session CrashGUID >   UECC-Windows-428C5C3B4416EF7957935EA89B47F887
         Session CrashGUID >====================================================
LogConfig: No local boot hotfix file found at: [../../../../../../Users/pietd/Documents/GitHub/Unreal-Engine-Capstone/SandBox/Saved/PersistentDownloadDir/HotfixForNextBoot.txt]
LogPluginManager: Mounting Engine plugin PlatformCrypto
LogInit: ExecutableName: UnrealPak.exe
LogInit: Build: ++UE5+Release-5.5-CL-37670630
LogInit: Platform=WindowsEditor
LogInit: MachineId=6f5b881f45331d87816daf924afe002e
LogInit: DeviceId=
LogInit: Engine Version: 5.5.0-37670630+++UE5+Release-5.5
LogInit: Compatible Engine Version: 5.5.0-37670630+++UE5+Release-5.5
LogInit: Net CL: 37670630
LogInit: OS: Windows 11 (23H2) [10.0.22631.4602] (), CPU: 12th Gen Intel(R) Core(TM) i9-12900H, GPU: Intel(R) Iris(R) Xe Graphics
LogInit: Compiled (64-bit): Oct 31 2024 22:28:44
LogInit: Architecture: x64
LogInit: Compiled with Visual C++: 19.38.33130.00
LogInit: Build Configuration: Development
LogInit: Branch Name: ++UE5+Release-5.5
LogInit: Command Line: -CreateGlobalContainer=C:\Users\pietd\Documents\GitHub\Unreal-Engine-Capstone\SandBox\Saved\StagedBuilds\Windows\SandBox\Content\Paks\global.utoc -PackageStoreManifest=C:\Users\pietd\Documents\GitHub\Unreal-Engine-Capstone\SandBox\Saved\Cooked\Windows\SandBox\Metadata\packagestore.manifest -CookedDirectory=C:\Users\pietd\Documents\GitHub\Unreal-Engine-Capstone\SandBox\Saved\Cooked\Windows -Commands="C:\Users\pietd\AppData\Roaming\Unreal Engine\AutomationTool\Logs\C+Program+Files+Epic+Games+UE_5.5\IoStoreCommands.txt" -ScriptObjects=C:\Users\pietd\Documents\GitHub\Unreal-Engine-Capstone\SandBox\Saved\Cooked\Windows\SandBox\Metadata\scriptobjects.bin -patchpaddingalign=2048 -compressionformats=Oodle -compresslevel=4 -compressmethod=Kraken -cryptokeys=C:\Users\pietd\Documents\GitHub\Unreal-Engine-Capstone\SandBox\Saved\Cooked\Windows\SandBox\Metadata\Crypto.json -compressionMinBytesSaved=1024 -compressionMinPercentSaved=5 -WriteBackMetadataToAssetRegistry=Disabled -nopak
LogInit: Base Directory: C:/Program Files/Epic Games/UE_5.5/Engine/Binaries/Win64/
LogInit: Allocator: Mimalloc
LogInit: Installed Engine Build: 1
LogInit: This binary is optimized with LTO: no, PGO: no, instrumented for PGO data collection: no
LogDevObjectVersion: Number of dev versions registered: 35
LogDevObjectVersion:   Dev-Blueprints (B0D832E4-1F89-4F0D-ACCF-7EB736FD4AA2): 10
LogDevObjectVersion:   Dev-Build (E1C64328-A22C-4D53-A36C-8E866417BD8C): 0
LogDevObjectVersion:   Dev-Core (375EC13C-06E4-48FB-B500-84F0262A717E): 4
LogDevObjectVersion:   Dev-Editor (E4B068ED-F494-42E9-A231-DA0B2E46BB41): 40
LogDevObjectVersion:   Dev-Framework (CFFC743F-43B0-4480-9391-14DF171D2073): 37
LogDevObjectVersion:   Dev-Mobile (B02B49B5-BB20-44E9-A304-32B752E40360): 3
LogDevObjectVersion:   Dev-Networking (A4E4105C-59A1-49B5-A7C5-40C4547EDFEE): 0
LogDevObjectVersion:   Dev-Online (39C831C9-5AE6-47DC-9A44-9C173E1C8E7C): 0
LogDevObjectVersion:   Dev-Physics (78F01B33-EBEA-4F98-B9B4-84EACCB95AA2): 20
LogDevObjectVersion:   Dev-Platform (6631380F-2D4D-43E0-8009-CF276956A95A): 0
LogDevObjectVersion:   Dev-Rendering (12F88B9F-8875-4AFC-A67C-D90C383ABD29): 49
LogDevObjectVersion:   Dev-Sequencer (7B5AE74C-D270-4C10-A958-57980B212A5A): 13
LogDevObjectVersion:   Dev-VR (D7296918-1DD6-4BDD-9DE2-64A83CC13884): 3
LogDevObjectVersion:   Dev-LoadTimes (C2A15278-BFE7-4AFE-6C17-90FF531DF755): 1
LogDevObjectVersion:   Private-Geometry (6EACA3D4-40EC-4CC1-B786-8BED09428FC5): 3
LogDevObjectVersion:   Dev-AnimPhys (29E575DD-E0A3-4627-9D10-D276232CDCEA): 17
LogDevObjectVersion:   Dev-Anim (AF43A65D-7FD3-4947-9873-3E8ED9C1BB05): 15
LogDevObjectVersion:   Dev-ReflectionCapture (6B266CEC-1EC7-4B8F-A30B-E4D90942FC07): 1
LogDevObjectVersion:   Dev-Automation (0DF73D61-A23F-47EA-B727-89E90C41499A): 1
LogDevObjectVersion:   FortniteMain (601D1886-AC64-4F84-AA16-D3DE0DEAC7D6): 170
LogDevObjectVersion:   FortniteValkyrie (8DBC2C5B-54A7-43E0-A768-FCBB7DA29060): 8
LogDevObjectVersion:   FortniteSeason (5B4C06B7-2463-4AF8-805B-BF70CDF5D0DD): 13
LogDevObjectVersion:   FortniteRelease (E7086368-6B23-4C58-8439-1B7016265E91): 15
LogDevObjectVersion:   Dev-Enterprise (9DFFBCD6-494F-0158-E221-12823C92A888): 10
LogDevObjectVersion:   Dev-Niagara (F2AED0AC-9AFE-416F-8664-AA7FFA26D6FC): 1
LogDevObjectVersion:   Dev-Destruction (174F1F0B-B4C6-45A5-B13F-2EE8D0FB917D): 10
LogDevObjectVersion:   Dev-Physics-Ext (35F94A83-E258-406C-A318-09F59610247C): 41
LogDevObjectVersion:   Dev-PhysicsMaterial-Chaos (B68FC16E-8B1B-42E2-B453-215C058844FE): 1
LogDevObjectVersion:   Dev-CineCamera (B2E18506-4273-CFC2-A54E-F4BB758BBA07): 1
LogDevObjectVersion:   Dev-VirtualProduction (64F58936-FD1B-42BA-BA96-7289D5D0FA4E): 1
LogDevObjectVersion:   UE5-Main (697DD581-E64F-41AB-AA4A-51ECBEB7B628): 119
LogDevObjectVersion:   UE5-Release (D89B5E42-24BD-4D46-8412-ACA8DF641779): 51
LogDevObjectVersion:   UE5-PrivateFrosty (59DA5D52-1232-4948-B878-597870B8E98B): 8
LogDevObjectVersion:   Dev-MediaFramework (6F0ED827-A609-4895-9C91-998D90180EA4): 2
LogDevObjectVersion:   Dev-NaniteResearch (30D58BE3-95EA-4282-A6E3-B159D8EBB06A): 1
LogConfig: Branch 'PlatformCrypto' had been unloaded. Reloading on-demand took 0.34ms
LogInit: Presizing for max 100000 objects, including 0 objects not considered by GC.
LogStreaming: Display: AsyncLoading2 - Created: Event Driven Loader: false, Async Loading Thread: false, Async Post Load: false
LogStreaming: Display: AsyncLoading2 - Initialized
LogInit: Object subsystem initialized
LogConfig: Applying CVar settings from Section [Startup] File [../../../Engine/Config/ConsoleVariables.ini]
LogConfig: CVar [[r.DumpShaderDebugInfo:2]] deferred - dummy variable created
LogConfig: CVar [[p.chaos.AllowCreatePhysxBodies:1]] deferred - dummy variable created
LogConfig: CVar [[fx.SkipVectorVMBackendOptimizations:1]] deferred - dummy variable created
LogConfig: CVar [[ds.CADTranslator.Meshing.ActivateThinZoneMeshing:0]] deferred - dummy variable created
LogConfig: CVar [[ds.CADTranslator.Stitching.RemoveThinFaces:0]] deferred - dummy variable created
LogConfig: Applying CVar settings from Section [Startup_Windows] File [../../../Engine/Config/ConsoleVariables.ini]
LogConfig: Applying CVar settings from Section [ConsoleVariables] File [Engine]
LogConfig: Set CVar [[memory.MemoryPressureCriticalThresholdMB:512]]
[2025.01.04-16.10.00:219][  0]LogInit: Computer: DELEEUW
[2025.01.04-16.10.00:219][  0]LogInit: User: pietd
[2025.01.04-16.10.00:219][  0]LogInit: CPU Page size=4096, Cores=14
[2025.01.04-16.10.00:219][  0]LogInit: High frequency timer resolution =10.000000 MHz
[2025.01.04-16.10.00:470][  0]LogMemory: Process is running as part of a Windows Job with separate resource limits
[2025.01.04-16.10.00:470][  0]LogMemory: Memory total: Physical=15.7GB (16GB approx) Virtual=35.7GB
[2025.01.04-16.10.00:470][  0]LogMemory: Platform Memory Stats for WindowsEditor
[2025.01.04-16.10.00:470][  0]LogMemory: Process Physical Memory: 67.43 MB used, 68.00 MB peak
[2025.01.04-16.10.00:470][  0]LogMemory: Process Virtual Memory: 147.87 MB used, 147.87 MB peak
[2025.01.04-16.10.00:470][  0]LogMemory: Physical Memory: 10412.31 MB used,  5658.18 MB free, 16070.49 MB total
[2025.01.04-16.10.00:470][  0]LogMemory: Virtual Memory: 18037.88 MB used,  18512.62 MB free, 36550.49 MB total
[2025.01.04-16.10.00:475][  0]LogAssetRegistry: FAssetRegistry took 0.0001 seconds to start up
[2025.01.04-16.10.00:475][  0]LogUObjectArray: 438 objects as part of root set at end of initial load.
[2025.01.04-16.10.00:476][  0]LogUObjectArray: CloseDisregardForGC: 0/0 objects in disregard for GC pool
[2025.01.04-16.10.00:476][  0]LogStreaming: Display: AsyncLoading2 - NotifyRegistrationComplete: Registered 428 public script object entries (15.03 KB)
[2025.01.04-16.10.00:476][  0]LogStreaming: Display: AsyncLoading2 - Thread Started: false, IsInitialLoad: false
[2025.01.04-16.10.00:476][  0]LogInit: Using OS detected language ().
[2025.01.04-16.10.00:476][  0]LogInit: Using OS detected locale ().
[2025.01.04-16.10.00:476][  0]LogTextLocalizationManager: No localization for '' exists, so 'en' will be used for the language.
[2025.01.04-16.10.00:477][  0]LogTextLocalizationManager: No localization for '' exists, so 'en' will be used for the locale.
[2025.01.04-16.10.00:477][  0]LogInit: Using OS detected language ().
[2025.01.04-16.10.00:477][  0]LogInit: Using OS detected locale ().
[2025.01.04-16.10.00:477][  0]LogTextLocalizationManager: No localization for '' exists, so 'en' will be used for the language.
[2025.01.04-16.10.00:478][  0]LogTextLocalizationManager: No localization for '' exists, so 'en' will be used for the locale.
[2025.01.04-16.10.00:478][  0]LogPakFile: Display: ProjectDir: ../../../../../../Users/pietd/Documents/GitHub/Unreal-Engine-Capstone/SandBox/
[2025.01.04-16.10.00:479][  0]LogIoStore: Display: ==================== IoStore Utils ====================
[2025.01.04-16.10.00:483][  0]LogIoStore: Display: Parsing crypto keys from a crypto key cache file 'C:\Users\pietd\Documents\GitHub\Unreal-Engine-Capstone\SandBox\Saved\Cooked\Windows\SandBox\Metadata\Crypto.json'
[2025.01.04-16.10.00:487][  0]LogIoStore: Display: Container signing - DISABLED
[2025.01.04-16.10.00:487][  0]LogIoStore: Display: Directory index - ENABLED
[2025.01.04-16.10.00:487][  0]LogIoStore: Display: Using compression format 'Oodle'
[2025.01.04-16.10.00:487][  0]LogIoStore: Display: Using memory mapping alignment '16384'
[2025.01.04-16.10.00:487][  0]LogIoStore: Display: Using compression block size '65536'
[2025.01.04-16.10.00:487][  0]LogIoStore: Display: Using compression block alignment '2048'
[2025.01.04-16.10.00:487][  0]LogIoStore: Display: Using compression min bytes saved '1024'
[2025.01.04-16.10.00:487][  0]LogIoStore: Display: Using compression min percent saved '5'
[2025.01.04-16.10.00:487][  0]LogIoStore: Display: Using max partition size '0'
[2025.01.04-16.10.00:487][  0]LogIoStore: Display: Not using DDC for compression
[2025.01.04-16.10.00:487][  0]LogIoStore: Display: Using command list file: 'C:\Users\pietd\AppData\Roaming\Unreal Engine\AutomationTool\Logs\C+Program+Files+Epic+Games+UE_5.5\IoStoreCommands.txt'
[2025.01.04-16.10.00:521][  0]LogIoStore: Display: Selected Oodle level 4 (Normal) from command line for shaders
[2025.01.04-16.10.00:523][  0]LogIoStore: Display: Fetched 596 oplog items from Manifest in 0.00 seconds
[2025.01.04-16.10.00:525][  0]LogIoStore: Display: Parsed 596 oplog items 0.00 seconds, 747 chunks
[2025.01.04-16.10.00:535][  0]LogIoStore: Display: Using input asset registry: C:/Users/pietd/Documents/GitHub/Unreal-Engine-Capstone/SandBox/Saved/Cooked/Windows/SandBox/Metadata/DevelopmentAssetRegistry.bin
[2025.01.04-16.10.00:544][  0]LogIoStore: Display: Loaded 158 chunk hashes from AssetRegistry in 0.02 seconds, 158 hashes updated in 0.00 seconds
[2025.01.04-16.10.00:546][  0]LogIoStore: Display: Searching for cooked assets in folder 'C:\Users\pietd\Documents\GitHub\Unreal-Engine-Capstone\SandBox\Saved\Cooked\Windows'
[2025.01.04-16.10.00:566][  0]LogIoStore: Display: Found '1344' files
[2025.01.04-16.10.00:576][  0]LogIoStore: Display: Creating container targets...
[2025.01.04-16.10.00:580][  0]OodleDataCompression: Display: Oodle v2.9.12 format for pak/iostore with method=Kraken, level=4=Normal
[2025.01.04-16.10.00:621][  0]LogIoStore: Display: Parsing packages...
[2025.01.04-16.10.00:621][  0]LogIoStore: Display: Reading package assets...
[2025.01.04-16.10.00:630][  0]LogIoStore: Display: Packages read 589 files in 0.01 seconds, 868,631 total bytes, 98,485,356 bytes per second
[2025.01.04-16.10.00:634][  0]LogIoStore: Display: Processing shader libraries, compressing with Oodle Mermaid, level 4 (Normal)
[2025.01.04-16.10.00:645][  0]LogShaderLibrary: Display: Created IoStoreShaderArchive header: shaders grouped in 366 groups (138 of them didn't need new indices), average uncompressed size 154669 bytes, min 249 bytes, max 1042473 bytes (r.ShaderCodeLibrary.MaxShaderGroupSize=1048576)
[2025.01.04-16.10.00:738][  0]LogIoStore: Display: Global-PCD3D_SM5(PCD3D_SM5): Recompressed 3880 shaders as 366 groups. Library size changed from 12685 KB (4.36 : 1 ratio) to 5623 KB (9.83 : 1 ratio), 44.33% of previous.
[2025.01.04-16.10.00:771][  0]LogShaderLibrary: Display: Created IoStoreShaderArchive header: shaders grouped in 481 groups (155 of them didn't need new indices), average uncompressed size 202179 bytes, min 1249 bytes, max 1023661 bytes (r.ShaderCodeLibrary.MaxShaderGroupSize=1048576)
[2025.01.04-16.10.01:288][  0]LogIoStore: Display: Global-PCD3D_SM6(PCD3D_SM6): Recompressed 6412 shaders as 481 groups. Library size changed from 72429 KB (1.31 : 1 ratio) to 41314 KB (2.30 : 1 ratio), 57.04% of previous.
[2025.01.04-16.10.01:297][  0]LogShaderLibrary: Display: Created IoStoreShaderArchive header: shaders grouped in 176 groups (56 of them didn't need new indices), average uncompressed size 148415 bytes, min 490 bytes, max 982542 bytes (r.ShaderCodeLibrary.MaxShaderGroupSize=1048576)
[2025.01.04-16.10.01:331][  0]LogIoStore: Display: SandBox-PCD3D_SM5(PCD3D_SM5): Recompressed 2055 shaders as 176 groups. Library size changed from 7138 KB (3.57 : 1 ratio) to 2298 KB (11.10 : 1 ratio), 32.20% of previous.
[2025.01.04-16.10.01:345][  0]LogShaderLibrary: Display: Created IoStoreShaderArchive header: shaders grouped in 202 groups (55 of them didn't need new indices), average uncompressed size 187571 bytes, min 2342 bytes, max 974744 bytes (r.ShaderCodeLibrary.MaxShaderGroupSize=1048576)
[2025.01.04-16.10.01:506][  0]LogIoStore: Display: SandBox-PCD3D_SM6(PCD3D_SM6): Recompressed 2895 shaders as 202 groups. Library size changed from 27938 KB (1.32 : 1 ratio) to 16014 KB (2.31 : 1 ratio), 57.32% of previous.
[2025.01.04-16.10.01:509][  0]LogIoStore: Display: Shaders processed in 0.88 seconds
[2025.01.04-16.10.01:510][  0]LogIoStore: Display: Initialized WriteRequestManager with MaxConcurrentSourceReads=10 (20 cores), MaxSourceBufferMemory=3072MiB
[2025.01.04-16.10.01:511][  0]LogIoStore: Display: Processing redirects...
[2025.01.04-16.10.01:511][  0]LogIoStore: Display: Creating disk layout...
[2025.01.04-16.10.01:512][  0]LogIoStore: Display: Ordered 589 packages using fallback bundle order
[2025.01.04-16.10.01:525][  0]LogIoStore: Display: Serializing container(s)...
[2025.01.04-16.10.02:082][  0]LogIoStore: Display: Writing and compressing took 0.49 seconds, writes to disk took 0.24 seconds for 252,847,056 bytes @ 1,056,985,301 bytes per second.
[2025.01.04-16.10.02:082][  0]LogIoStore: Display: global: Found perfect hashmap for 1 items.
[2025.01.04-16.10.02:082][  0]LogIoStore: Display: SandBox-Windows: Found perfect hashmap for 1975 items.
[2025.01.04-16.10.02:087][  0]LogIoStore: Display: Finalize took 0.0 seconds for 2 writers to write 214,067 bytes, 43,974,322 bytes per second
[2025.01.04-16.10.02:087][  0]LogIoStore: Display: Writing tocs... [Physical: 752 MiB, Virtual: 3476 MiB]
[2025.01.04-16.10.02:087][  0]LogIoStore: Display: 158 / 1,976 hashes were loaded from the hash database, by type:
[2025.01.04-16.10.02:087][  0]LogIoStore: Display:     BulkData                   158
[2025.01.04-16.10.02:087][  0]LogIoStore: Display: 747 / 1,976 chunks attempted to compress, by type:
[2025.01.04-16.10.02:087][  0]LogIoStore: Display:     ExportBundleData           589 / 589
[2025.01.04-16.10.02:087][  0]LogIoStore: Display:     BulkData                   158 / 158
[2025.01.04-16.10.02:087][  0]LogIoStore: Display:     ScriptObjects              0 / 1
[2025.01.04-16.10.02:087][  0]LogIoStore: Display:     ContainerHeader            0 / 1
[2025.01.04-16.10.02:087][  0]LogIoStore: Display:     ShaderCodeLibrary          0 / 4
[2025.01.04-16.10.02:087][  0]LogIoStore: Display:     ShaderCode                 0 / 1,223
[2025.01.04-16.10.02:087][  0]LogIoStore: Display: Source bytes read:
[2025.01.04-16.10.02:087][  0]LogIoStore: Display:     Zen:                                  0
[2025.01.04-16.10.02:087][  0]LogIoStore: Display:     Loose File:                 445,549,790
[2025.01.04-16.10.02:087][  0]LogIoStore: Display:         ExportBundleData        346,707,802 bytes over 1,178 reads
[2025.01.04-16.10.02:087][  0]LogIoStore: Display:         BulkData                 98,841,988 bytes over 158 reads
[2025.01.04-16.10.02:087][  0]LogIoStore: Display:     Memory:                     134,858,012
[2025.01.04-16.10.02:087][  0]LogIoStore: Display:         ShaderCodeLibrary         1,227,968 bytes over 8 reads
[2025.01.04-16.10.02:087][  0]LogIoStore: Display:         ShaderCode              133,630,044 bytes over 2,446 reads
[2025.01.04-16.10.02:087][  0]LogIoStore: Display: Calculating stats...
[2025.01.04-16.10.02:087][  0]LogIoStore: Display: 
[2025.01.04-16.10.02:087][  0]LogIoStore: Display: Container Summary
[2025.01.04-16.10.02:087][  0]LogIoStore: Display: ==================
[2025.01.04-16.10.02:087][  0]LogIoStore: Display: 
[2025.01.04-16.10.02:087][  0]LogIoStore: Display: Container                                               Flags      Chunk(s) #       TOC (KiB)       Raw Size (MiB)           Size (MiB)
[2025.01.04-16.10.02:087][  0]LogIoStore: Display: ----------------------------------------------------------------------------------------------------------------------------------------------
[2025.01.04-16.10.02:087][  0]LogIoStore: Display: global                                              -/-/-/-/-               1            0.63                 2.32                 2.32 -
[2025.01.04-16.10.02:087][  0]LogIoStore: Display: SandBox-Windows                                     C/-/-/I/-            1975          208.42               325.86               238.81 (26.71% Oodle)
[2025.01.04-16.10.02:087][  0]LogIoStore: Display: ----------------------------------------------------------------------------------------------------------------------------------------------
[2025.01.04-16.10.02:087][  0]LogIoStore: Display: Total                                                                    1976          209.05               328.18               241.13
[2025.01.04-16.10.02:087][  0]LogIoStore: Display: 
[2025.01.04-16.10.02:087][  0]LogIoStore: Display: ** Flags: (C)ompressed / (E)ncrypted / (S)igned) / (I)ndexed) / (O)nDemand **
[2025.01.04-16.10.02:087][  0]LogIoStore: Display: 
[2025.01.04-16.10.02:087][  0]LogIoStore: Display: Compression block padding:     1.43 MiB
[2025.01.04-16.10.02:087][  0]LogIoStore: Display: 
[2025.01.04-16.10.02:087][  0]LogIoStore: Display: Container Directory Index
[2025.01.04-16.10.02:087][  0]LogIoStore: Display: ==========================
[2025.01.04-16.10.02:087][  0]LogIoStore: Display: 
[2025.01.04-16.10.02:087][  0]LogIoStore: Display: Container                                          Size (KiB)
[2025.01.04-16.10.02:087][  0]LogIoStore: Display: ----------------------------------------------------------------------------------------------------------------------------------------------
[2025.01.04-16.10.02:087][  0]LogIoStore: Display: global                                                   0.00
[2025.01.04-16.10.02:087][  0]LogIoStore: Display: SandBox-Windows                                         36.55
[2025.01.04-16.10.02:087][  0]LogIoStore: Display: 
[2025.01.04-16.10.02:087][  0]LogIoStore: Display: Container Patch Report
[2025.01.04-16.10.02:087][  0]LogIoStore: Display: ========================
[2025.01.04-16.10.02:087][  0]LogIoStore: Display: 
[2025.01.04-16.10.02:087][  0]LogIoStore: Display: Container                                             Total #       Modified #          Added #   Modified (MiB)      Added (MiB)
[2025.01.04-16.10.02:088][  0]LogIoStore: Display: ----------------------------------------------------------------------------------------------------------------------------------------------
[2025.01.04-16.10.02:088][  0]LogIoStore: Display: global                                                      1                0                0             0.00             0.00
[2025.01.04-16.10.02:088][  0]LogIoStore: Display: SandBox-Windows                                          1975                0             1975             0.00           237.39
[2025.01.04-16.10.02:088][  0]LogIoStore: Display: 
[2025.01.04-16.10.02:088][  0]LogIoStore: Display: PackageStore
[2025.01.04-16.10.02:088][  0]LogIoStore: Display: =============
[2025.01.04-16.10.02:088][  0]LogIoStore: Display: 
[2025.01.04-16.10.02:088][  0]LogIoStore: Display: Container                                          Size (KiB)      Packages #     Localized #
[2025.01.04-16.10.02:088][  0]LogIoStore: Display: ----------------------------------------------------------------------------------------------------------------------------------------------
[2025.01.04-16.10.02:088][  0]LogIoStore: Display: SandBox-Windows                                            19             589               0
[2025.01.04-16.10.02:088][  0]LogIoStore: Display: ----------------------------------------------------------------------------------------------------------------------------------------------
[2025.01.04-16.10.02:088][  0]LogIoStore: Display: Total                                                      19             589               0
[2025.01.04-16.10.02:088][  0]LogIoStore: Display: 
[2025.01.04-16.10.02:088][  0]LogIoStore: Display: 
[2025.01.04-16.10.02:088][  0]LogIoStore: Display: Input:       589 Packages
[2025.01.04-16.10.02:088][  0]LogIoStore: Display: Input:      0.16 GB UExp
[2025.01.04-16.10.02:088][  0]LogIoStore: Display: Input:      0.00 GB UAsset
[2025.01.04-16.10.02:088][  0]LogIoStore: Display: Input:      0.09 GB UBulk
[2025.01.04-16.10.02:088][  0]LogIoStore: Display: Input:     45.84 MB for 847 Global shaders
[2025.01.04-16.10.02:088][  0]LogIoStore: Display: Input:      1.73 MB for 152 Shared shaders
[2025.01.04-16.10.02:088][  0]LogIoStore: Display: Input:      0.00 MB for 0 Unique shaders
[2025.01.04-16.10.02:088][  0]LogIoStore: Display: Input:     16.16 MB for 224 Inline shaders
[2025.01.04-16.10.02:088][  0]LogIoStore: Display: 
[2025.01.04-16.10.02:088][  0]LogIoStore: Display: Output:     4962 Name map entries
[2025.01.04-16.10.02:088][  0]LogIoStore: Display: Output:      634 Imported package entries
[2025.01.04-16.10.02:088][  0]LogIoStore: Display: Output:      358 Packages without imports
[2025.01.04-16.10.02:088][  0]LogIoStore: Display: Output:        0 Public runtime script objects
[2025.01.04-16.10.02:088][  0]LogIoStore: Display: Output:     0.00 GB HeaderData
[2025.01.04-16.10.02:088][  0]LogIoStore: Display: Output:     2.32 MB InitialLoadData
[2025.01.04-16.10.02:088][  0]LogIoStore: Display: 
[2025.01.04-16.10.02:091][  0]LogPakFile: Display: UnrealPak executed in 1.612597 seconds
[2025.01.04-16.10.02:092][  0]LogCore: Engine exit requested (reason: UnrealPak Exiting)
[2025.01.04-16.10.02:092][  0]LogExit: Preparing to exit.
[2025.01.04-16.10.02:093][  0]LogExit: Object subsystem successfully closed.
[2025.01.04-16.10.02:093][  0]LogPakFile: Destroying PakPlatformFile
[2025.01.04-16.10.02:094][  0]LogExit: Exiting.
[2025.01.04-16.10.02:103][  0]Log file closed, 01/04/25 17:10:02
